<?xml version="1.0" encoding="UTF-8"?>
<testng-results ignored="0" total="1" passed="1" failed="0" skipped="0">
  <reporter-output>
  </reporter-output>
  <suite started-at="2025-04-03T21:09:38 IST" name="Suite" finished-at="2025-04-03T21:09:52 IST" duration-ms="13943">
    <groups>
      <group name="cucumber">
        <method signature="AbstractTestNGCucumberTests.runScenario(io.cucumber.testng.PickleWrapper,io.cucumber.testng.FeatureWrapper)[pri:0, instance:com.runner.runnerTestNg@58a9760d]" name="runScenario" class="io.cucumber.testng.AbstractTestNGCucumberTests"/>
      </group> <!-- cucumber -->
    </groups>
    <test started-at="2025-04-03T21:09:38 IST" name="Test" finished-at="2025-04-03T21:09:52 IST" duration-ms="13943">
      <class name="com.runner.runnerTestNg">
        <test-method is-config="true" signature="setUpClass(org.testng.ITestContext)[pri:0, instance:com.runner.runnerTestNg@58a9760d]" started-at="2025-04-03T21:09:38 IST" name="setUpClass" finished-at="2025-04-03T21:09:39 IST" duration-ms="1151" status="PASS">
          <params>
            <param index="0">
              <value>
                <![CDATA[org.testng.TestRunner@7f4e5a39]]>
              </value>
            </param>
          </params>
          <reporter-output>
          </reporter-output>
        </test-method> <!-- setUpClass -->
        <test-method signature="runScenario(io.cucumber.testng.PickleWrapper,io.cucumber.testng.FeatureWrapper)[pri:0, instance:com.runner.runnerTestNg@58a9760d]" started-at="2025-04-03T21:09:39 IST" name="runScenario" description="Runs Cucumber Scenarios" data-provider="scenarios" finished-at="2025-04-03T21:09:50 IST" duration-ms="10445" status="PASS">
          <params>
            <param index="0">
              <value>
                <![CDATA["Login with valid credentials"]]>
              </value>
            </param>
            <param index="1">
              <value>
                <![CDATA["Login to HRM application"]]>
              </value>
            </param>
          </params>
          <reporter-output>
          </reporter-output>
        </test-method> <!-- runScenario -->
        <test-method is-config="true" signature="tearDownClass()[pri:0, instance:com.runner.runnerTestNg@58a9760d]" started-at="2025-04-03T21:09:50 IST" name="tearDownClass" finished-at="2025-04-03T21:09:52 IST" duration-ms="2287" status="PASS">
          <reporter-output>
          </reporter-output>
        </test-method> <!-- tearDownClass -->
      </class> <!-- com.runner.runnerTestNg -->
    </test> <!-- Test -->
  </suite> <!-- Suite -->
</testng-results>
