<?xml version="1.0" encoding="UTF-8"?>
<!-- Generated by org.testng.reporters.JUnitXMLReporter -->
<testsuite ignored="0" hostname="DESKTOP-IF37F16" failures="1" tests="1" name="Test" time="9.946" errors="0" timestamp="2025-04-03T21:22:45 IST">
  <testcase classname="io.cucumber.testng.AbstractTestNGCucumberTests" name="runScenario" time="6.347">
    <failure type="java.lang.NullPointerException" message="inStream parameter is null">
      <![CDATA[java.lang.NullPointerException: inStream parameter is null
at java.base/java.util.Objects.requireNonNull(Objects.java:259)
at java.base/java.util.Properties.load(Properties.java:408)
at com.actions.LoginPageActions.login(LoginPageActions.java:41)
at com.definitions.LoginPageDefinitions.goToHomePage(LoginPageDefinitions.java:25)
at ✽.user enters unername and password(file:///C:/Users/admi/git/repository49/CucumberPageObjectModel/src/test/resources/features/LoginPage.feature:7)
]]>
    </failure>
  </testcase> <!-- runScenario -->
</testsuite> <!-- Test -->
